2012-11-28 9:50:19 org.apache.catalina.core.AprLifecycleListener init
信息: The APR based Apache Tomcat Native library which allows optimal performance in production environments was not found on the java.library.path: D:\tomcat6\bin\jdk1.6.0_29\bin;C:\Windows\Sun\Java\bin;C:\Windows\system32;C:\Windows;C:\Program Files (x86)\Java\jdk1.6.0_25\bin;D:\openSource_Java\maven\apache-maven-3.0.4-bin\bin;C:\Program Files (x86)\Common Files\NetSarang;C:\Windows\system32;C:\Windows;C:\Windows\System32\Wbem;C:\Windows\System32\WindowsPowerShell\v1.0\;C:\Program Files (x86)\Microsoft SQL Server\80\Tools\BINN;C:\Program Files\TortoiseSVN\bin;D:\openSource_Java\Ant\apache-ant-1.8.4-bin\bin;D:\Program Files\TortoiseGit\bin;F:\Android_sdk\sdk\platform-tools;C:\Program Files (x86)\Java\jdk1.6.0_25\bin;D:\msysgit\bin;D:\PortableGit-1.7.10-preview20120409;D:\PHP\PHPNow\MySQL-5.1.50\bin;.
2012-11-28 9:50:20 org.apache.coyote.http11.Http11Protocol init
信息: Initializing Coyote HTTP/1.1 on http-8080
2012-11-28 9:50:20 org.apache.catalina.startup.Catalina load
信息: Initialization processed in 960 ms
2012-11-28 9:50:20 org.apache.catalina.core.StandardService start
信息: Starting service Catalina
2012-11-28 9:50:20 org.apache.catalina.core.StandardEngine start
信息: Starting Servlet Engine: Apache Tomcat/6.0.32
2012-11-28 9:50:20 org.apache.catalina.startup.HostConfig deployDirectory
信息: Deploying web application directory backConfig
2012-11-28 9:50:20 org.apache.catalina.startup.HostConfig deployDirectory
信息: Deploying web application directory xj
2012-11-28 9:50:20 org.apache.catalina.loader.WebappClassLoader validateJarFile
信息: validateJarFile(D:\tomcat6\webapps\xj\WEB-INF\lib\javaee.jar) - jar not loaded. See Servlet Spec 2.3, section 9.7.2. Offending class: javax/servlet/Servlet.class
2012-11-28 9:50:36 org.apache.coyote.http11.Http11Protocol start
信息: Starting Coyote HTTP/1.1 on http-8080
2012-11-28 9:50:36 org.apache.jk.common.ChannelSocket init
信息: JK: ajp13 listening on /0.0.0.0:8009
2012-11-28 9:50:36 org.apache.jk.server.JkMain start
信息: Jk running ID=0 time=0/25  config=null
2012-11-28 9:50:36 org.apache.catalina.startup.Catalina start
信息: Server startup in 16656 ms
2012-11-28 9:51:03 org.apache.coyote.http11.Http11Protocol pause
信息: Pausing Coyote HTTP/1.1 on http-8080
2012-11-28 9:51:04 org.apache.catalina.core.StandardService stop
信息: Stopping service Catalina
2012-11-28 9:51:05 org.apache.catalina.loader.WebappClassLoader clearReferencesJdbc
严重: The web application [/xj] registered the JDBC driver [com.alibaba.druid.mock.MockDriver] but failed to unregister it when the web application was stopped. To prevent a memory leak, the JDBC Driver has been forcibly unregistered.
2012-11-28 9:51:05 org.apache.catalina.loader.WebappClassLoader clearReferencesJdbc
严重: The web application [/xj] registered the JDBC driver [com.mysql.jdbc.Driver] but failed to unregister it when the web application was stopped. To prevent a memory leak, the JDBC Driver has been forcibly unregistered.
2012-11-28 9:51:05 org.apache.catalina.loader.WebappClassLoader clearReferencesJdbc
严重: The web application [/xj] registered the JDBC driver [com.microsoft.sqlserver.jdbc.SQLServerDriver] but failed to unregister it when the web application was stopped. To prevent a memory leak, the JDBC Driver has been forcibly unregistered.
2012-11-28 9:51:05 org.apache.catalina.loader.WebappClassLoader clearReferencesJdbc
严重: The web application [/xj] registered the JDBC driver [com.alibaba.druid.proxy.DruidDriver] but failed to unregister it when the web application was stopped. To prevent a memory leak, the JDBC Driver has been forcibly unregistered.
2012-11-28 9:51:05 org.apache.catalina.loader.WebappClassLoader clearReferencesThreads
严重: The web application [/xj] appears to have started a thread named [Thread-3] but has failed to stop it. This is very likely to create a memory leak.
2012-11-28 9:51:05 org.apache.catalina.loader.WebappClassLoader clearReferencesThreads
严重: The web application [/xj] appears to have started a thread named [Druid-ConnectionPool-Create] but has failed to stop it. This is very likely to create a memory leak.
