2012-11-19 2:59:44 org.apache.catalina.core.AprLifecycleListener init
信息: The APR based Apache Tomcat Native library which allows optimal performance in production environments was not found on the java.library.path: C:\appdisk\tomcat\bin\jdk1.6.0_29\bin;C:\Windows\Sun\Java\bin;C:\Windows\system32;C:\Windows;C:\Program Files (x86)\Java\jdk1.6.0_29\bin;C:\PROGRAM FILES (X86)\NVIDIA CORPORATION\PHYSX\COMMON;C:\PROGRAM FILES\BROADCOM\BROADCOM 802.11 NETWORK ADAPTER\DRIVER;C:\Windows\SYSTEM32;C:\Windows;C:\Windows\SYSTEM32\WBEM;C:\Windows\SYSTEM32\WINDOWSPOWERSHELL\V1.0\;C:\PROGRAM FILES (X86)\INTEL\OPENCL SDK\2.0\BIN\X86;C:\PROGRAM FILES (X86)\INTEL\OPENCL SDK\2.0\BIN\X64;;F:\PROGRAM FILES (X86)\SUBVERSION\BIN;D:\PROGRAM FILES (X86)\SUBVERSION\BIN;C:\PROGRAM FILES\TORTOISESVN\BIN;D:\PROGRAM FILES\TORTOISEGIT\BIN;C:\Program Files\WIDCOMM\Bluetooth Software\;C:\Program Files\WIDCOMM\Bluetooth Software\syswow64;D:\OpenSource_Java\Ant\apache-ant-1.8.2\bin;D:\OpenSource_Java\Maven\apache-maven-3.0.4\bin;C:\Program Files (x86)\Microsoft SQL Server\80\Tools\BINN;D:\Program Files\Oracle\VirtualBox;.
2012-11-19 2:59:44 org.apache.coyote.http11.Http11Protocol init
信息: Initializing Coyote HTTP/1.1 on http-8080
2012-11-19 2:59:44 org.apache.catalina.startup.Catalina load
信息: Initialization processed in 332 ms
2012-11-19 2:59:44 org.apache.catalina.core.StandardService start
信息: Starting service Catalina
2012-11-19 2:59:44 org.apache.catalina.core.StandardEngine start
信息: Starting Servlet Engine: Apache Tomcat/6.0.32
2012-11-19 2:59:44 org.apache.catalina.startup.HostConfig deployDescriptor
信息: Deploying configuration descriptor host-manager.xml
2012-11-19 2:59:45 org.apache.catalina.startup.HostConfig deployDescriptor
信息: Deploying configuration descriptor manager.xml
2012-11-19 2:59:45 org.apache.catalina.startup.HostConfig deployDirectory
信息: Deploying web application directory bea_core
2012-11-19 2:59:45 org.apache.catalina.loader.WebappClassLoader validateJarFile
信息: validateJarFile(C:\appdisk\tomcat\webapps\bea_core\WEB-INF\lib\servlet-api.jar) - jar not loaded. See Servlet Spec 2.3, section 9.7.2. Offending class: javax/servlet/Servlet.class
2012-11-19 2:59:46 org.apache.cxf.service.factory.ReflectionServiceFactoryBean buildServiceFromClass
信息: Creating Service {http://impl.service.customfield.datadict.common.comdev.com/}CustomFieldImplService from class com.comdev.common.datadict.customfield.service.ICustomField
2012-11-19 2:59:47 org.apache.cxf.endpoint.ServerImpl initDestination
信息: Setting the server's publish address to be /customField
2012-11-19 2:59:47 org.apache.cxf.service.factory.ReflectionServiceFactoryBean buildServiceFromClass
信息: Creating Service {http://impl.service.customfield.datadict.common.comdev.com/}CustomFieldImplService from class com.comdev.common.datadict.customfield.service.ICustomField
2012-11-19 2:59:47 org.apache.cxf.endpoint.ServerImpl initDestination
信息: Setting the server's publish address to be /customField
2012-11-19 2:59:47 org.apache.cxf.service.factory.ReflectionServiceFactoryBean buildServiceFromClass
信息: Creating Service {http://impl.service.config.datadict.common.comdev.com/}DataDictConfigImplService from class com.comdev.common.datadict.config.service.IDataDictConfig
2012-11-19 2:59:47 org.apache.cxf.endpoint.ServerImpl initDestination
信息: Setting the server's publish address to be /dataDictConfig
2012-11-19 2:59:47 org.apache.cxf.service.factory.ReflectionServiceFactoryBean buildServiceFromClass
信息: Creating Service {http://impl.service.datadict.common.comdev.com/}DataDictImplService from class com.comdev.common.datadict.service.IDataDict
2012-11-19 2:59:48 org.apache.cxf.endpoint.ServerImpl initDestination
信息: Setting the server's publish address to be /dataDict
2012-11-19 2:59:48 org.apache.cxf.service.factory.ReflectionServiceFactoryBean buildServiceFromClass
信息: Creating Service {http://impl.service.dynamic.common.comdev.com/}DynamicImplService from class com.comdev.common.dynamic.service.IDynamic
2012-11-19 2:59:48 org.apache.cxf.endpoint.ServerImpl initDestination
信息: Setting the server's publish address to be /dynamic
2012-11-19 2:59:48 org.apache.cxf.service.factory.ReflectionServiceFactoryBean buildServiceFromClass
信息: Creating Service {http://impl.services.sms.comdev.com/}SmsImplService from class com.comdev.sms.services.ISms
2012-11-19 2:59:48 org.apache.cxf.endpoint.ServerImpl initDestination
信息: Setting the server's publish address to be /sms
2012-11-19 2:59:48 org.apache.cxf.service.factory.ReflectionServiceFactoryBean buildServiceFromClass
信息: Creating Service {http://impl.service.job.comdev.com/}JobServiceService from class com.comdev.job.service.IJobServer
2012-11-19 2:59:48 org.apache.cxf.endpoint.ServerImpl initDestination
信息: Setting the server's publish address to be /JobService
2012-11-19 2:59:48 org.apache.cxf.service.factory.ReflectionServiceFactoryBean buildServiceFromClass
信息: Creating Service {http://impl.service.datatrans.comdev.com/}DataImpExpService from class com.comdev.datatrans.service.IDataImpExp
2012-11-19 2:59:48 org.apache.cxf.endpoint.ServerImpl initDestination
信息: Setting the server's publish address to be /da--------------------------------------------------------------------------------------------------taTransService
2012-11-19 2:59:48 org.apache.cxf.service.factory.ReflectionServiceFactoryBean buildServiceFromClass
信息: Creating Service {http://impl.service.excel.comdev.com/}ExcelExpService from class com.comdev.excel.service.IExcelExp
2012-11-19 2:59:48 org.apache.cxf.endpoint.ServerImpl initDestination
信息: Setting the server's publish address to be /excelExpService
2012-11-19 2:59:48 org.apache.cxf.service.factory.ReflectionServiceFactoryBean buildServiceFromClass
信息: Creating Service {http://curd.beapath.comdev.com/}BeaPathCURD_ImplService from class com.comdev.beapath.curd.IBeaPathCURD
2012-11-19 2:59:48 org.apache.cxf.endpoint.ServerImpl initDestination
信息: Setting the server's publish address to be /beapathCURD
2012-11-19 2:59:48 org.apache.cxf.service.factory.ReflectionServiceFactoryBean buildServiceFromClass
信息: Creating Service {http://impl.service.config.datadict.common.comdev.com/}DataDictConfigImplService from class com.comdev.common.datadict.config.service.IDataDictConfig
2012-11-19 2:59:48 org.apache.cxf.endpoint.ServerImpl initDestination
信息: Setting the server's publish address to be /dataDictConfig
2012-11-19 2:59:48 org.apache.cxf.service.factory.ReflectionServiceFactoryBean buildServiceFromClass
信息: Creating Service {http://impl.service.datadict.common.comdev.com/}DataDictImplService from class com.comdev.common.datadict.service.IDataDict
2012-11-19 2:59:48 org.apache.cxf.endpoint.ServerImpl initDestination
信息: Setting the server's publish address to be /dataDict
2012-11-19 2:59:48 org.apache.cxf.service.factory.ReflectionServiceFactoryBean buildServiceFromClass
信息: Creating Service {http://impl.service.dynamic.common.comdev.com/}DynamicImplService from class com.comdev.common.dynamic.service.IDynamic
2012-11-19 2:59:48 org.apache.cxf.endpoint.ServerImpl initDestination
信息: Setting the server's publish address to be /dynamic
2012-11-19 2:59:48 org.apache.cxf.service.factory.ReflectionServiceFactoryBean buildServiceFromClass
信息: Creating Service {http://impl.services.sms.comdev.com/}SmsImplService from class com.comdev.sms.services.ISms
2012-11-19 2:59:48 org.apache.cxf.endpoint.ServerImpl initDestination
信息: Setting the server's publish address to be /sms
2012-11-19 2:59:48 org.apache.cxf.service.factory.ReflectionServiceFactoryBean buildServiceFromClass
信息: Creating Service {http://impl.service.job.comdev.com/}JobServiceService from class com.comdev.job.service.IJobServer
2012-11-19 2:59:48 org.apache.cxf.endpoint.ServerImpl initDestination
信息: Setting the server's publish address to be /JobService
2012-11-19 2:59:48 org.apache.cxf.service.factory.ReflectionServiceFactoryBean buildServiceFromClass
信息: Creating Service {http://impl.service.datatrans.comdev.com/}DataImpExpService from class com.comdev.datatrans.service.IDataImpExp
2012-11-19 2:59:48 org.apache.cxf.endpoint.ServerImpl initDestination
信息: Setting the server's publish address to be /da--------------------------------------------------------------------------------------------------taTransService
2012-11-19 2:59:48 org.apache.cxf.service.factory.ReflectionServiceFactoryBean buildServiceFromClass
信息: Creating Service {http://impl.service.excel.comdev.com/}ExcelExpService from class com.comdev.excel.service.IExcelExp
2012-11-19 2:59:48 org.apache.cxf.endpoint.ServerImpl initDestination
信息: Setting the server's publish address to be /excelExpService
2012-11-19 2:59:48 org.apache.cxf.service.factory.ReflectionServiceFactoryBean buildServiceFromClass
信息: Creating Service {http://curd.beapath.comdev.com/}BeaPathCURD_ImplService from class com.comdev.beapath.curd.IBeaPathCURD
2012-11-19 2:59:48 org.apache.cxf.endpoint.ServerImpl initDestination
信息: Setting the server's publish address to be /beapathCURD
2012-11-19 2:59:49 org.apache.catalina.core.StandardContext start
严重: Error listenerStart
2012-11-19 2:59:49 org.apache.catalina.core.StandardContext start
严重: Context [/bea_core] startup failed due to previous errors
2012-11-19 2:59:49 org.apache.catalina.loader.WebappClassLoader clearReferencesJdbc
严重: The web application [/bea_core] registered the JDBC driver [org.apache.derby.jdbc.ClientDriver] but failed to unregister it when the web application was stopped. To prevent a memory leak, the JDBC Driver has been forcibly unregistered.
2012-11-19 2:59:49 org.apache.catalina.loader.WebappClassLoader clearReferencesJdbc
严重: The web application [/bea_core] registered the JDBC driver [oracle.jdbc.driver.OracleDriver] but failed to unregister it when the web application was stopped. To prevent a memory leak, the JDBC Driver has been forcibly unregistered.
2012-11-19 2:59:49 org.apache.catalina.loader.WebappClassLoader clearReferencesJdbc
严重: The web application [/bea_core] registered the JDBC driver [org.postgresql.Driver] but failed to unregister it when the web application was stopped. To prevent a memory leak, the JDBC Driver has been forcibly unregistered.
2012-11-19 2:59:49 org.apache.catalina.loader.WebappClassLoader clearReferencesJdbc
严重: The web application [/bea_core] registered the JDBC driver [net.sourceforge.jtds.jdbc.Driver] but failed to unregister it when the web application was stopped. To prevent a memory leak, the JDBC Driver has been forcibly unregistered.
2012-11-19 2:59:49 org.apache.catalina.loader.WebappClassLoader clearReferencesThreads
严重: The web application [/bea_core] appears to have started a thread named [Timer-0] but has failed to stop it. This is very likely to create a memory leak.
2012-11-19 2:59:49 org.apache.catalina.loader.WebappClassLoader clearThreadLocalMap
严重: The web application [/bea_core] created a ThreadLocal with key of type [java.lang.ThreadLocal] (value [java.lang.ThreadLocal@e9a075]) and a value of type [org.apache.cxf.bus.CXFBusImpl] (value [org.apache.cxf.bus.CXFBusImpl@2590fa]) but failed to remove it when the web application was stopped. This is very likely to create a memory leak.
2012-11-19 2:59:49 org.apache.catalina.startup.HostConfig deployDirectory
信息: Deploying web application directory docs
2012-11-19 2:59:49 org.apache.catalina.startup.HostConfig deployDirectory
信息: Deploying web application directory examples
2012-11-19 2:59:49 org.apache.catalina.startup.HostConfig deployDirectory
信息: Deploying web application directory ROOT
2012-11-19 2:59:49 org.apache.coyote.http11.Http11Protocol start
信息: Starting Coyote HTTP/1.1 on http-8080
2012-11-19 2:59:49 org.apache.jk.common.ChannelSocket init
信息: JK: ajp13 listening on /0.0.0.0:8009
2012-11-19 2:59:49 org.apache.jk.server.JkMain start
信息: Jk running ID=0 time=0/12  config=null
2012-11-19 2:59:49 org.apache.catalina.startup.Catalina start
信息: Server startup in 5024 ms
2012-11-19 3:02:25 org.apache.catalina.core.AprLifecycleListener init
信息: The APR based Apache Tomcat Native library which allows optimal performance in production environments was not found on the java.library.path: C:\appdisk\tomcat\bin\jdk1.6.0_29\bin;C:\Windows\Sun\Java\bin;C:\Windows\system32;C:\Windows;C:\Program Files (x86)\Java\jdk1.6.0_29\bin;C:\PROGRAM FILES (X86)\NVIDIA CORPORATION\PHYSX\COMMON;C:\PROGRAM FILES\BROADCOM\BROADCOM 802.11 NETWORK ADAPTER\DRIVER;C:\Windows\SYSTEM32;C:\Windows;C:\Windows\SYSTEM32\WBEM;C:\Windows\SYSTEM32\WINDOWSPOWERSHELL\V1.0\;C:\PROGRAM FILES (X86)\INTEL\OPENCL SDK\2.0\BIN\X86;C:\PROGRAM FILES (X86)\INTEL\OPENCL SDK\2.0\BIN\X64;;F:\PROGRAM FILES (X86)\SUBVERSION\BIN;D:\PROGRAM FILES (X86)\SUBVERSION\BIN;C:\PROGRAM FILES\TORTOISESVN\BIN;D:\PROGRAM FILES\TORTOISEGIT\BIN;C:\Program Files\WIDCOMM\Bluetooth Software\;C:\Program Files\WIDCOMM\Bluetooth Software\syswow64;D:\OpenSource_Java\Ant\apache-ant-1.8.2\bin;D:\OpenSource_Java\Maven\apache-maven-3.0.4\bin;C:\Program Files (x86)\Microsoft SQL Server\80\Tools\BINN;D:\Program Files\Oracle\VirtualBox;.
2012-11-19 3:02:25 org.apache.coyote.http11.Http11Protocol init
信息: Initializing Coyote HTTP/1.1 on http-8080
2012-11-19 3:02:25 org.apache.catalina.startup.Catalina load
信息: Initialization processed in 290 ms
2012-11-19 3:02:25 org.apache.catalina.core.StandardService start
信息: Starting service Catalina
2012-11-19 3:02:25 org.apache.catalina.core.StandardEngine start
信息: Starting Servlet Engine: Apache Tomcat/6.0.32
2012-11-19 3:02:25 org.apache.catalina.startup.HostConfig deployDescriptor
信息: Deploying configuration descriptor host-manager.xml
2012-11-19 3:02:25 org.apache.catalina.startup.HostConfig deployDescriptor
信息: Deploying configuration descriptor manager.xml
2012-11-19 3:02:26 org.apache.catalina.startup.HostConfig deployDirectory
信息: Deploying web application directory bea_core
2012-11-19 3:02:26 org.apache.catalina.loader.WebappClassLoader validateJarFile
信息: validateJarFile(C:\appdisk\tomcat\webapps\bea_core\WEB-INF\lib\servlet-api.jar) - jar not loaded. See Servlet Spec 2.3, section 9.7.2. Offending class: javax/servlet/Servlet.class
2012-11-19 3:02:28 org.apache.cxf.service.factory.ReflectionServiceFactoryBean buildServiceFromClass
信息: Creating Service {http://impl.service.customfield.datadict.common.comdev.com/}CustomFieldImplService from class com.comdev.common.datadict.customfield.service.ICustomField
2012-11-19 3:02:28 org.apache.cxf.endpoint.ServerImpl initDestination
信息: Setting the server's publish address to be /customField
2012-11-19 3:02:29 org.apache.cxf.service.factory.ReflectionServiceFactoryBean buildServiceFromClass
信息: Creating Service {http://impl.service.customfield.datadict.common.comdev.com/}CustomFieldImplService from class com.comdev.common.datadict.customfield.service.ICustomField
2012-11-19 3:02:29 org.apache.cxf.endpoint.ServerImpl initDestination
信息: Setting the server's publish address to be /customField
2012-11-19 3:02:29 org.apache.cxf.service.factory.ReflectionServiceFactoryBean buildServiceFromClass
信息: Creating Service {http://impl.service.config.datadict.common.comdev.com/}DataDictConfigImplService from class com.comdev.common.datadict.config.service.IDataDictConfig
2012-11-19 3:02:29 org.apache.cxf.endpoint.ServerImpl initDestination
信息: Setting the server's publish address to be /dataDictConfig
2012-11-19 3:02:29 org.apache.cxf.service.factory.ReflectionServiceFactoryBean buildServiceFromClass
信息: Creating Service {http://impl.service.datadict.common.comdev.com/}DataDictImplService from class com.comdev.common.datadict.service.IDataDict
2012-11-19 3:02:29 org.apache.cxf.endpoint.ServerImpl initDestination
信息: Setting the server's publish address to be /dataDict
2012-11-19 3:02:29 org.apache.cxf.service.factory.ReflectionServiceFactoryBean buildServiceFromClass
信息: Creating Service {http://impl.service.dynamic.common.comdev.com/}DynamicImplService from class com.comdev.common.dynamic.service.IDynamic
2012-11-19 3:02:29 org.apache.cxf.endpoint.ServerImpl initDestination
信息: Setting the server's publish address to be /dynamic
2012-11-19 3:02:30 org.apache.cxf.service.factory.ReflectionServiceFactoryBean buildServiceFromClass
信息: Creating Service {http://impl.services.sms.comdev.com/}SmsImplService from class com.comdev.sms.services.ISms
2012-11-19 3:02:30 org.apache.cxf.endpoint.ServerImpl initDestination
信息: Setting the server's publish address to be /sms
2012-11-19 3:02:30 org.apache.cxf.service.factory.ReflectionServiceFactoryBean buildServiceFromClass
信息: Creating Service {http://impl.service.job.comdev.com/}JobServiceService from class com.comdev.job.service.IJobServer
2012-11-19 3:02:30 org.apache.cxf.endpoint.ServerImpl initDestination
信息: Setting the server's publish address to be /JobService
2012-11-19 3:02:30 org.apache.cxf.service.factory.ReflectionServiceFactoryBean buildServiceFromClass
信息: Creating Service {http://impl.service.datatrans.comdev.com/}DataImpExpService from class com.comdev.datatrans.service.IDataImpExp
2012-11-19 3:02:30 org.apache.cxf.endpoint.ServerImpl initDestination
信息: Setting the server's publish address to be /da--------------------------------------------------------------------------------------------------taTransService
2012-11-19 3:02:30 org.apache.cxf.service.factory.ReflectionServiceFactoryBean buildServiceFromClass
信息: Creating Service {http://impl.service.excel.comdev.com/}ExcelExpService from class com.comdev.excel.service.IExcelExp
2012-11-19 3:02:30 org.apache.cxf.endpoint.ServerImpl initDestination
信息: Setting the server's publish address to be /excelExpService
2012-11-19 3:02:30 org.apache.cxf.service.factory.ReflectionServiceFactoryBean buildServiceFromClass
信息: Creating Service {http://curd.beapath.comdev.com/}BeaPathCURD_ImplService from class com.comdev.beapath.curd.IBeaPathCURD
2012-11-19 3:02:30 org.apache.cxf.endpoint.ServerImpl initDestination
信息: Setting the server's publish address to be /beapathCURD
2012-11-19 3:02:30 org.apache.cxf.service.factory.ReflectionServiceFactoryBean buildServiceFromClass
信息: Creating Service {http://impl.service.config.datadict.common.comdev.com/}DataDictConfigImplService from class com.comdev.common.datadict.config.service.IDataDictConfig
2012-11-19 3:02:30 org.apache.cxf.endpoint.ServerImpl initDestination
信息: Setting the server's publish address to be /dataDictConfig
2012-11-19 3:02:30 org.apache.cxf.service.factory.ReflectionServiceFactoryBean buildServiceFromClass
信息: Creating Service {http://impl.service.datadict.common.comdev.com/}DataDictImplService from class com.comdev.common.datadict.service.IDataDict
2012-11-19 3:02:30 org.apache.cxf.endpoint.ServerImpl initDestination
信息: Setting the server's publish address to be /dataDict
2012-11-19 3:02:30 org.apache.cxf.service.factory.ReflectionServiceFactoryBean buildServiceFromClass
信息: Creating Service {http://impl.service.dynamic.common.comdev.com/}DynamicImplService from class com.comdev.common.dynamic.service.IDynamic
2012-11-19 3:02:30 org.apache.cxf.endpoint.ServerImpl initDestination
信息: Setting the server's publish address to be /dynamic
2012-11-19 3:02:30 org.apache.cxf.service.factory.ReflectionServiceFactoryBean buildServiceFromClass
信息: Creating Service {http://impl.services.sms.comdev.com/}SmsImplService from class com.comdev.sms.services.ISms
2012-11-19 3:02:30 org.apache.cxf.endpoint.ServerImpl initDestination
信息: Setting the server's publish address to be /sms
2012-11-19 3:02:30 org.apache.cxf.service.factory.ReflectionServiceFactoryBean buildServiceFromClass
信息: Creating Service {http://impl.service.job.comdev.com/}JobServiceService from class com.comdev.job.service.IJobServer
2012-11-19 3:02:31 org.apache.cxf.endpoint.ServerImpl initDestination
信息: Setting the server's publish address to be /JobService
2012-11-19 3:02:31 org.apache.cxf.service.factory.ReflectionServiceFactoryBean buildServiceFromClass
信息: Creating Service {http://impl.service.datatrans.comdev.com/}DataImpExpService from class com.comdev.datatrans.service.IDataImpExp
2012-11-19 3:02:31 org.apache.cxf.endpoint.ServerImpl initDestination
信息: Setting the server's publish address to be /da--------------------------------------------------------------------------------------------------taTransService
2012-11-19 3:02:31 org.apache.cxf.service.factory.ReflectionServiceFactoryBean buildServiceFromClass
信息: Creating Service {http://impl.service.excel.comdev.com/}ExcelExpService from class com.comdev.excel.service.IExcelExp
2012-11-19 3:02:31 org.apache.cxf.endpoint.ServerImpl initDestination
信息: Setting the server's publish address to be /excelExpService
2012-11-19 3:02:31 org.apache.cxf.service.factory.ReflectionServiceFactoryBean buildServiceFromClass
信息: Creating Service {http://curd.beapath.comdev.com/}BeaPathCURD_ImplService from class com.comdev.beapath.curd.IBeaPathCURD
2012-11-19 3:02:31 org.apache.cxf.endpoint.ServerImpl initDestination
信息: Setting the server's publish address to be /beapathCURD
2012-11-19 3:02:31 org.apache.cxf.service.factory.ReflectionServiceFactoryBean buildServiceFromClass
信息: Creating Service {http://service.datadict.common.comdev.com/}IDataDictService from class com.comdev.common.datadict.service.IDataDict
2012-11-19 3:02:31 org.apache.cxf.service.factory.ReflectionServiceFactoryBean buildServiceFromClass
信息: Creating Service {http://service.config.datadict.common.comdev.com/}IDataDictConfigService from class com.comdev.common.datadict.config.service.IDataDictConfig
2012-11-19 3:02:32 org.apache.cxf.service.factory.ReflectionServiceFactoryBean buildServiceFromClass
信息: Creating Service {http://service.customfield.datadict.common.comdev.com/}ICustomFieldService from class com.comdev.common.datadict.customfield.service.ICustomField
2012-11-19 3:02:32 org.apache.cxf.service.factory.ReflectionServiceFactoryBean buildServiceFromClass
信息: Creating Service {http://services.sms.comdev.com/}ISmsService from class com.comdev.sms.services.ISms
2012-11-19 3:02:32 org.apache.cxf.transport.servlet.CXFServlet updateContext
信息: Load the bus with application context
2012-11-19 3:02:32 org.apache.cxf.bus.spring.BusApplicationContext getConfigResources
信息: No cxf.xml configuration file detected, relying on defaults.
2012-11-19 3:02:32 org.apache.cxf.transport.servlet.AbstractCXFServlet replaceDestinationFactory
信息: Servlet transport factory already registered 
2012-11-19 3:02:32 org.apache.catalina.startup.HostConfig deployDirectory
信息: Deploying web application directory docs
2012-11-19 3:02:32 org.apache.catalina.startup.HostConfig deployDirectory
信息: Deploying web application directory examples
2012-11-19 3:02:32 org.apache.catalina.startup.HostConfig deployDirectory
信息: Deploying web application directory ROOT
2012-11-19 3:02:32 org.apache.coyote.http11.Http11Protocol start
信息: Starting Coyote HTTP/1.1 on http-8080
2012-11-19 3:02:32 org.apache.jk.common.ChannelSocket init
信息: JK: ajp13 listening on /0.0.0.0:8009
2012-11-19 3:02:32 org.apache.jk.server.JkMain start
信息: Jk running ID=0 time=0/10  config=null
2012-11-19 3:02:32 org.apache.catalina.startup.Catalina start
信息: Server startup in 7224 ms
