2012-11-18 5:43:44 org.apache.catalina.core.AprLifecycleListener init
信息: The APR based Apache Tomcat Native library which allows optimal performance in production environments was not found on the java.library.path: C:\Program Files\Java\jdk1.6.0_37\bin;C:\Windows\Sun\Java\bin;C:\Windows\system32;C:\Windows;C:\Program Files (x86)\Java\jdk1.6.0_29\bin;C:\PROGRAM FILES (X86)\NVIDIA CORPORATION\PHYSX\COMMON;C:\PROGRAM FILES\BROADCOM\BROADCOM 802.11 NETWORK ADAPTER\DRIVER;C:\Windows\SYSTEM32;C:\Windows;C:\Windows\SYSTEM32\WBEM;C:\Windows\SYSTEM32\WINDOWSPOWERSHELL\V1.0\;C:\PROGRAM FILES (X86)\INTEL\OPENCL SDK\2.0\BIN\X86;C:\PROGRAM FILES (X86)\INTEL\OPENCL SDK\2.0\BIN\X64;;F:\PROGRAM FILES (X86)\SUBVERSION\BIN;D:\PROGRAM FILES (X86)\SUBVERSION\BIN;C:\PROGRAM FILES\TORTOISESVN\BIN;D:\PROGRAM FILES\TORTOISEGIT\BIN;C:\Program Files\WIDCOMM\Bluetooth Software\;C:\Program Files\WIDCOMM\Bluetooth Software\syswow64;D:\OpenSource_Java\Ant\apache-ant-1.8.2\bin;D:\OpenSource_Java\Maven\apache-maven-3.0.4\bin;C:\Program Files (x86)\Microsoft SQL Server\80\Tools\BINN;D:\Program Files\Oracle\VirtualBox;.
2012-11-18 5:43:45 org.apache.coyote.http11.Http11Protocol init
信息: Initializing Coyote HTTP/1.1 on http-8080
2012-11-18 5:43:45 org.apache.catalina.startup.Catalina load
信息: Initialization processed in 821 ms
2012-11-18 5:43:45 org.apache.catalina.core.StandardService start
信息: Starting service Catalina
2012-11-18 5:43:45 org.apache.catalina.core.StandardEngine start
信息: Starting Servlet Engine: Apache Tomcat/6.0.32
2012-11-18 5:43:45 org.apache.catalina.startup.HostConfig deployDescriptor
信息: Deploying configuration descriptor host-manager.xml
2012-11-18 5:43:45 org.apache.catalina.startup.HostConfig deployDescriptor
信息: Deploying configuration descriptor manager.xml
2012-11-18 5:43:46 org.apache.catalina.startup.HostConfig deployDirectory
信息: Deploying web application directory docs
2012-11-18 5:43:46 org.apache.catalina.startup.HostConfig deployDirectory
信息: Deploying web application directory examples
2012-11-18 5:43:46 org.apache.catalina.startup.HostConfig deployDirectory
信息: Deploying web application directory lic
2012-11-18 5:43:49 org.apache.catalina.startup.HostConfig deployDirectory
信息: Deploying web application directory ROOT
2012-11-18 5:43:49 org.apache.catalina.startup.HostConfig deployDirectory
信息: Deploying web application directory spring_mvc_jdbc
2012-11-18 5:43:53 org.apache.catalina.loader.WebappClassLoader validateJarFile
信息: validateJarFile(D:\tomcat6\webapps\spring_mvc_jdbc\WEB-INF\lib\javaee.jar) - jar not loaded. See Servlet Spec 2.3, section 9.7.2. Offending class: javax/servlet/Servlet.class
2012-11-18 5:43:57 org.apache.coyote.http11.Http11Protocol start
信息: Starting Coyote HTTP/1.1 on http-8080
2012-11-18 5:43:57 org.apache.jk.common.ChannelSocket init
信息: JK: ajp13 listening on /0.0.0.0:8009
2012-11-18 5:43:57 org.apache.jk.server.JkMain start
信息: Jk running ID=0 time=0/16  config=null
2012-11-18 5:43:57 org.apache.catalina.startup.Catalina start
信息: Server startup in 12789 ms
2012-11-18 5:46:47 org.apache.coyote.http11.Http11Protocol pause
信息: Pausing Coyote HTTP/1.1 on http-8080
2012-11-18 5:46:48 org.apache.catalina.core.StandardService stop
信息: Stopping service Catalina
2012-11-18 5:46:49 org.apache.coyote.http11.Http11Protocol destroy
信息: Stopping Coyote HTTP/1.1 on http-8080
2012-11-18 5:47:12 org.apache.catalina.core.AprLifecycleListener init
信息: The APR based Apache Tomcat Native library which allows optimal performance in production environments was not found on the java.library.path: C:\Program Files\Java\jdk1.6.0_37\bin;C:\Windows\Sun\Java\bin;C:\Windows\system32;C:\Windows;C:\Program Files (x86)\Java\jdk1.6.0_29\bin;C:\PROGRAM FILES (X86)\NVIDIA CORPORATION\PHYSX\COMMON;C:\PROGRAM FILES\BROADCOM\BROADCOM 802.11 NETWORK ADAPTER\DRIVER;C:\Windows\SYSTEM32;C:\Windows;C:\Windows\SYSTEM32\WBEM;C:\Windows\SYSTEM32\WINDOWSPOWERSHELL\V1.0\;C:\PROGRAM FILES (X86)\INTEL\OPENCL SDK\2.0\BIN\X86;C:\PROGRAM FILES (X86)\INTEL\OPENCL SDK\2.0\BIN\X64;;F:\PROGRAM FILES (X86)\SUBVERSION\BIN;D:\PROGRAM FILES (X86)\SUBVERSION\BIN;C:\PROGRAM FILES\TORTOISESVN\BIN;D:\PROGRAM FILES\TORTOISEGIT\BIN;C:\Program Files\WIDCOMM\Bluetooth Software\;C:\Program Files\WIDCOMM\Bluetooth Software\syswow64;D:\OpenSource_Java\Ant\apache-ant-1.8.2\bin;D:\OpenSource_Java\Maven\apache-maven-3.0.4\bin;C:\Program Files (x86)\Microsoft SQL Server\80\Tools\BINN;D:\Program Files\Oracle\VirtualBox;.
2012-11-18 5:47:12 org.apache.coyote.http11.Http11Protocol init
信息: Initializing Coyote HTTP/1.1 on http-8080
2012-11-18 5:47:12 org.apache.catalina.startup.Catalina load
信息: Initialization processed in 455 ms
2012-11-18 5:47:12 org.apache.catalina.core.StandardService start
信息: Starting service Catalina
2012-11-18 5:47:12 org.apache.catalina.core.StandardEngine start
信息: Starting Servlet Engine: Apache Tomcat/6.0.32
2012-11-18 5:47:12 org.apache.catalina.startup.HostConfig deployDescriptor
信息: Deploying configuration descriptor host-manager.xml
2012-11-18 5:47:12 org.apache.catalina.startup.HostConfig deployDescriptor
信息: Deploying configuration descriptor manager.xml
2012-11-18 5:47:12 org.apache.catalina.startup.HostConfig deployDirectory
信息: Deploying web application directory docs
2012-11-18 5:47:12 org.apache.catalina.startup.HostConfig deployDirectory
信息: Deploying web application directory examples
2012-11-18 5:47:12 org.apache.catalina.startup.HostConfig deployDirectory
信息: Deploying web application directory lic
2012-11-18 5:47:15 org.apache.catalina.startup.HostConfig deployDirectory
信息: Deploying web application directory ROOT
2012-11-18 5:47:15 org.apache.catalina.startup.HostConfig deployDirectory
信息: Deploying web application directory spring_mvc_jdbc
2012-11-18 5:47:15 org.apache.catalina.loader.WebappClassLoader validateJarFile
信息: validateJarFile(D:\tomcat6\webapps\spring_mvc_jdbc\WEB-INF\lib\javaee.jar) - jar not loaded. See Servlet Spec 2.3, section 9.7.2. Offending class: javax/servlet/Servlet.class
2012-11-18 5:47:17 org.apache.coyote.http11.Http11Protocol start
信息: Starting Coyote HTTP/1.1 on http-8080
2012-11-18 5:47:17 org.apache.jk.common.ChannelSocket init
信息: JK: ajp13 listening on /0.0.0.0:8009
2012-11-18 5:47:17 org.apache.jk.server.JkMain start
信息: Jk running ID=0 time=0/16  config=null
2012-11-18 5:47:17 org.apache.catalina.startup.Catalina start
信息: Server startup in 5079 ms
2012-11-18 5:47:23 org.apache.coyote.http11.Http11Protocol pause
信息: Pausing Coyote HTTP/1.1 on http-8080
2012-11-18 5:47:24 org.apache.catalina.core.StandardService stop
信息: Stopping service Catalina
2012-11-18 5:47:24 org.apache.coyote.http11.Http11Protocol destroy
信息: Stopping Coyote HTTP/1.1 on http-8080
2012-11-18 5:47:30 org.apache.catalina.core.AprLifecycleListener init
信息: The APR based Apache Tomcat Native library which allows optimal performance in production environments was not found on the java.library.path: C:\Program Files\Java\jdk1.6.0_37\bin;C:\Windows\Sun\Java\bin;C:\Windows\system32;C:\Windows;C:\Program Files (x86)\Java\jdk1.6.0_29\bin;C:\PROGRAM FILES (X86)\NVIDIA CORPORATION\PHYSX\COMMON;C:\PROGRAM FILES\BROADCOM\BROADCOM 802.11 NETWORK ADAPTER\DRIVER;C:\Windows\SYSTEM32;C:\Windows;C:\Windows\SYSTEM32\WBEM;C:\Windows\SYSTEM32\WINDOWSPOWERSHELL\V1.0\;C:\PROGRAM FILES (X86)\INTEL\OPENCL SDK\2.0\BIN\X86;C:\PROGRAM FILES (X86)\INTEL\OPENCL SDK\2.0\BIN\X64;;F:\PROGRAM FILES (X86)\SUBVERSION\BIN;D:\PROGRAM FILES (X86)\SUBVERSION\BIN;C:\PROGRAM FILES\TORTOISESVN\BIN;D:\PROGRAM FILES\TORTOISEGIT\BIN;C:\Program Files\WIDCOMM\Bluetooth Software\;C:\Program Files\WIDCOMM\Bluetooth Software\syswow64;D:\OpenSource_Java\Ant\apache-ant-1.8.2\bin;D:\OpenSource_Java\Maven\apache-maven-3.0.4\bin;C:\Program Files (x86)\Microsoft SQL Server\80\Tools\BINN;D:\Program Files\Oracle\VirtualBox;.
2012-11-18 5:47:30 org.apache.coyote.http11.Http11Protocol init
信息: Initializing Coyote HTTP/1.1 on http-8080
2012-11-18 5:47:30 org.apache.catalina.startup.Catalina load
信息: Initialization processed in 441 ms
2012-11-18 5:47:30 org.apache.catalina.core.StandardService start
信息: Starting service Catalina
2012-11-18 5:47:30 org.apache.catalina.core.StandardEngine start
信息: Starting Servlet Engine: Apache Tomcat/6.0.32
2012-11-18 5:47:30 org.apache.catalina.startup.HostConfig deployDescriptor
信息: Deploying configuration descriptor host-manager.xml
2012-11-18 5:47:30 org.apache.catalina.startup.HostConfig deployDescriptor
信息: Deploying configuration descriptor manager.xml
2012-11-18 5:47:30 org.apache.catalina.startup.HostConfig deployDirectory
信息: Deploying web application directory docs
2012-11-18 5:47:30 org.apache.catalina.startup.HostConfig deployDirectory
信息: Deploying web application directory examples
2012-11-18 5:47:30 org.apache.catalina.startup.HostConfig deployDirectory
信息: Deploying web application directory lic
2012-11-18 5:47:33 org.apache.catalina.startup.HostConfig deployDirectory
信息: Deploying web application directory ROOT
2012-11-18 5:47:33 org.apache.catalina.startup.HostConfig deployDirectory
信息: Deploying web application directory spring_mvc_jdbc
2012-11-18 5:47:33 org.apache.catalina.loader.WebappClassLoader validateJarFile
信息: validateJarFile(D:\tomcat6\webapps\spring_mvc_jdbc\WEB-INF\lib\javaee.jar) - jar not loaded. See Servlet Spec 2.3, section 9.7.2. Offending class: javax/servlet/Servlet.class
2012-11-18 5:47:35 org.apache.coyote.http11.Http11Protocol start
信息: Starting Coyote HTTP/1.1 on http-8080
2012-11-18 5:47:35 org.apache.jk.common.ChannelSocket init
信息: JK: ajp13 listening on /0.0.0.0:8009
2012-11-18 5:47:35 org.apache.jk.server.JkMain start
信息: Jk running ID=0 time=0/21  config=null
2012-11-18 5:47:35 org.apache.catalina.startup.Catalina start
信息: Server startup in 5019 ms
2012-11-18 5:50:20 org.apache.catalina.core.AprLifecycleListener init
信息: The APR based Apache Tomcat Native library which allows optimal performance in production environments was not found on the java.library.path: C:\Program Files (x86)\Java\jdk1.6.0_29\bin;C:\Windows\Sun\Java\bin;C:\Windows\system32;C:\Windows;C:\Program Files (x86)\Java\jdk1.6.0_29\bin;C:\PROGRAM FILES (X86)\NVIDIA CORPORATION\PHYSX\COMMON;C:\PROGRAM FILES\BROADCOM\BROADCOM 802.11 NETWORK ADAPTER\DRIVER;C:\Windows\SYSTEM32;C:\Windows;C:\Windows\SYSTEM32\WBEM;C:\Windows\SYSTEM32\WINDOWSPOWERSHELL\V1.0\;C:\PROGRAM FILES (X86)\INTEL\OPENCL SDK\2.0\BIN\X86;C:\PROGRAM FILES (X86)\INTEL\OPENCL SDK\2.0\BIN\X64;;F:\PROGRAM FILES (X86)\SUBVERSION\BIN;D:\PROGRAM FILES (X86)\SUBVERSION\BIN;C:\PROGRAM FILES\TORTOISESVN\BIN;D:\PROGRAM FILES\TORTOISEGIT\BIN;C:\Program Files\WIDCOMM\Bluetooth Software\;C:\Program Files\WIDCOMM\Bluetooth Software\syswow64;D:\OpenSource_Java\Ant\apache-ant-1.8.2\bin;D:\OpenSource_Java\Maven\apache-maven-3.0.4\bin;C:\Program Files (x86)\Microsoft SQL Server\80\Tools\BINN;D:\Program Files\Oracle\VirtualBox;.
2012-11-18 5:50:21 org.apache.coyote.http11.Http11Protocol init
信息: Initializing Coyote HTTP/1.1 on http-8080
2012-11-18 5:50:21 org.apache.catalina.startup.Catalina load
信息: Initialization processed in 1283 ms
2012-11-18 5:50:21 org.apache.catalina.core.StandardService start
信息: Starting service Catalina
2012-11-18 5:50:21 org.apache.catalina.core.StandardEngine start
信息: Starting Servlet Engine: Apache Tomcat/6.0.32
2012-11-18 5:50:21 org.apache.catalina.startup.HostConfig deployDescriptor
信息: Deploying configuration descriptor host-manager.xml
2012-11-18 5:50:22 org.apache.catalina.startup.HostConfig deployDescriptor
信息: Deploying configuration descriptor manager.xml
2012-11-18 5:50:22 org.apache.catalina.startup.HostConfig deployDirectory
信息: Deploying web application directory docs
2012-11-18 5:50:22 org.apache.catalina.startup.HostConfig deployDirectory
信息: Deploying web application directory examples
2012-11-18 5:50:22 org.apache.catalina.startup.HostConfig deployDirectory
信息: Deploying web application directory lic
2012-11-18 5:50:24 org.apache.catalina.startup.HostConfig deployDirectory
信息: Deploying web application directory ROOT
2012-11-18 5:50:24 org.apache.catalina.startup.HostConfig deployDirectory
信息: Deploying web application directory spring_mvc_jdbc
2012-11-18 5:50:24 org.apache.catalina.loader.WebappClassLoader validateJarFile
信息: validateJarFile(D:\tomcat6\webapps\spring_mvc_jdbc\WEB-INF\lib\javaee.jar) - jar not loaded. See Servlet Spec 2.3, section 9.7.2. Offending class: javax/servlet/Servlet.class
2012-11-18 5:50:25 org.apache.coyote.http11.Http11Protocol start
信息: Starting Coyote HTTP/1.1 on http-8080
2012-11-18 5:50:26 org.apache.jk.common.ChannelSocket init
信息: JK: ajp13 listening on /0.0.0.0:8009
2012-11-18 5:50:26 org.apache.jk.server.JkMain start
信息: Jk running ID=0 time=0/12  config=null
2012-11-18 5:50:26 org.apache.catalina.startup.Catalina start
信息: Server startup in 4190 ms
