2012-10-9 22:40:43 org.apache.catalina.core.AprLifecycleListener init
信息: The APR based Apache Tomcat Native library which allows optimal performance in production environments was not found on the java.library.path: C:\Program Files (x86)\Java\jdk1.6.0_29\bin;C:\Windows\Sun\Java\bin;C:\Windows\system32;C:\Windows;C:\Program Files (x86)\Java\jdk1.6.0_29\bin;C:\PROGRAM FILES (X86)\NVIDIA CORPORATION\PHYSX\COMMON;C:\PROGRAM FILES\BROADCOM\BROADCOM 802.11 NETWORK ADAPTER\DRIVER;C:\Windows\SYSTEM32;C:\Windows;C:\Windows\SYSTEM32\WBEM;C:\Windows\SYSTEM32\WINDOWSPOWERSHELL\V1.0\;C:\PROGRAM FILES (X86)\INTEL\OPENCL SDK\2.0\BIN\X86;C:\PROGRAM FILES (X86)\INTEL\OPENCL SDK\2.0\BIN\X64;;F:\PROGRAM FILES (X86)\SUBVERSION\BIN;D:\PROGRAM FILES (X86)\SUBVERSION\BIN;C:\PROGRAM FILES\TORTOISESVN\BIN;D:\PROGRAM FILES\TORTOISEGIT\BIN;C:\Program Files\WIDCOMM\Bluetooth Software\;C:\Program Files\WIDCOMM\Bluetooth Software\syswow64;D:\OpenSource_Java\Ant\apache-ant-1.8.2\bin;D:\OpenSource_Java\Maven\apache-maven-3.0.4\bin;.
2012-10-9 22:40:43 org.apache.coyote.http11.Http11Protocol init
信息: Initializing Coyote HTTP/1.1 on http-8080
2012-10-9 22:40:43 org.apache.catalina.startup.Catalina load
信息: Initialization processed in 333 ms
2012-10-9 22:40:43 org.apache.catalina.core.StandardService start
信息: Starting service Catalina
2012-10-9 22:40:43 org.apache.catalina.core.StandardEngine start
信息: Starting Servlet Engine: Apache Tomcat/6.0.32
2012-10-9 22:40:43 org.apache.catalina.startup.HostConfig deployWAR
信息: Deploying web application archive activiti-explorer.war
2012-10-9 22:40:48 org.apache.catalina.startup.HostConfig deployDirectory
信息: Deploying web application directory docs
2012-10-9 22:40:48 org.apache.catalina.startup.HostConfig deployDirectory
信息: Deploying web application directory examples
2012-10-9 22:40:49 org.apache.catalina.startup.HostConfig deployDirectory
信息: Deploying web application directory host-manager
2012-10-9 22:40:49 org.apache.catalina.startup.HostConfig deployDirectory
信息: Deploying web application directory manager
2012-10-9 22:40:49 org.apache.catalina.startup.HostConfig deployDirectory
信息: Deploying web application directory ROOT
2012-10-9 22:40:49 org.apache.coyote.http11.Http11Protocol start
信息: Starting Coyote HTTP/1.1 on http-8080
2012-10-9 22:40:49 org.apache.jk.common.ChannelSocket init
信息: JK: ajp13 listening on /0.0.0.0:8009
2012-10-9 22:40:49 org.apache.jk.server.JkMain start
信息: Jk running ID=0 time=0/12  config=null
2012-10-9 22:40:49 org.apache.catalina.startup.Catalina start
信息: Server startup in 5631 ms
2012-10-9 22:41:19 org.apache.catalina.core.AprLifecycleListener init
信息: The APR based Apache Tomcat Native library which allows optimal performance in production environments was not found on the java.library.path: C:\Program Files (x86)\Java\jdk1.6.0_29\bin;C:\Windows\Sun\Java\bin;C:\Windows\system32;C:\Windows;C:\Program Files (x86)\Java\jdk1.6.0_29\bin;C:\PROGRAM FILES (X86)\NVIDIA CORPORATION\PHYSX\COMMON;C:\PROGRAM FILES\BROADCOM\BROADCOM 802.11 NETWORK ADAPTER\DRIVER;C:\Windows\SYSTEM32;C:\Windows;C:\Windows\SYSTEM32\WBEM;C:\Windows\SYSTEM32\WINDOWSPOWERSHELL\V1.0\;C:\PROGRAM FILES (X86)\INTEL\OPENCL SDK\2.0\BIN\X86;C:\PROGRAM FILES (X86)\INTEL\OPENCL SDK\2.0\BIN\X64;;F:\PROGRAM FILES (X86)\SUBVERSION\BIN;D:\PROGRAM FILES (X86)\SUBVERSION\BIN;C:\PROGRAM FILES\TORTOISESVN\BIN;D:\PROGRAM FILES\TORTOISEGIT\BIN;C:\Program Files\WIDCOMM\Bluetooth Software\;C:\Program Files\WIDCOMM\Bluetooth Software\syswow64;D:\OpenSource_Java\Ant\apache-ant-1.8.2\bin;D:\OpenSource_Java\Maven\apache-maven-3.0.4\bin;.
2012-10-9 22:41:20 org.apache.coyote.http11.Http11Protocol init
信息: Initializing Coyote HTTP/1.1 on http-8080
2012-10-9 22:41:20 org.apache.catalina.startup.Catalina load
信息: Initialization processed in 306 ms
2012-10-9 22:41:20 org.apache.catalina.core.StandardService start
信息: Starting service Catalina
2012-10-9 22:41:20 org.apache.catalina.core.StandardEngine start
信息: Starting Servlet Engine: Apache Tomcat/6.0.32
2012-10-9 22:41:20 org.apache.catalina.startup.HostConfig deployDescriptor
信息: Deploying configuration descriptor activiti-explorer.xml
2012-10-9 22:41:27 org.apache.catalina.core.StandardContext start
严重: Error listenerStart
2012-10-9 22:41:27 org.apache.catalina.core.StandardContext start
严重: Context [/activiti-explorer] startup failed due to previous errors
2012-10-9 22:41:27 org.apache.catalina.loader.WebappClassLoader clearReferencesJdbc
严重: The web application [/activiti-explorer] registered the JDBC driver [org.h2.Driver] but failed to unregister it when the web application was stopped. To prevent a memory leak, the JDBC Driver has been forcibly unregistered.
2012-10-9 22:41:27 org.apache.catalina.loader.WebappClassLoader clearThreadLocalMap
严重: The web application [/activiti-explorer] created a ThreadLocal with key of type [java.lang.ThreadLocal] (value [java.lang.ThreadLocal@12b4986]) and a value of type [org.apache.ibatis.executor.ErrorContext] (value [
### The error may exist in org/activiti/db/mapping/entity/EventSubscription.xml
### The error occurred while processing mapper_resultMap[compensateResultMap]]) but failed to remove it when the web application was stopped. This is very likely to create a memory leak.
2012-10-9 22:41:27 org.apache.catalina.startup.HostConfig deployDescriptor
信息: Deploying configuration descriptor host-manager.xml
2012-10-9 22:41:27 org.apache.catalina.startup.HostConfig deployDescriptor
信息: Deploying configuration descriptor manager.xml
2012-10-9 22:41:27 org.apache.catalina.startup.HostConfig deployDirectory
信息: Deploying web application directory docs
2012-10-9 22:41:27 org.apache.catalina.startup.HostConfig deployDirectory
信息: Deploying web application directory examples
2012-10-9 22:41:27 org.apache.catalina.startup.HostConfig deployDirectory
信息: Deploying web application directory ROOT
2012-10-9 22:41:27 org.apache.coyote.http11.Http11Protocol start
信息: Starting Coyote HTTP/1.1 on http-8080
2012-10-9 22:41:27 org.apache.jk.common.ChannelSocket init
信息: JK: ajp13 listening on /0.0.0.0:8009
2012-10-9 22:41:27 org.apache.jk.server.JkMain start
信息: Jk running ID=0 time=0/13  config=null
2012-10-9 22:41:27 org.apache.catalina.startup.Catalina start
信息: Server startup in 7602 ms
2012-10-9 22:42:38 org.apache.coyote.http11.Http11Protocol pause
信息: Pausing Coyote HTTP/1.1 on http-8080
2012-10-9 22:42:39 org.apache.catalina.core.StandardService stop
信息: Stopping service Catalina
2012-10-9 22:42:39 org.apache.coyote.http11.Http11Protocol destroy
信息: Stopping Coyote HTTP/1.1 on http-8080
2012-10-9 22:43:28 org.apache.catalina.core.AprLifecycleListener init
信息: The APR based Apache Tomcat Native library which allows optimal performance in production environments was not found on the java.library.path: C:\Program Files (x86)\Java\jdk1.6.0_29\bin;C:\Windows\Sun\Java\bin;C:\Windows\system32;C:\Windows;C:\Program Files (x86)\Java\jdk1.6.0_29\bin;C:\PROGRAM FILES (X86)\NVIDIA CORPORATION\PHYSX\COMMON;C:\PROGRAM FILES\BROADCOM\BROADCOM 802.11 NETWORK ADAPTER\DRIVER;C:\Windows\SYSTEM32;C:\Windows;C:\Windows\SYSTEM32\WBEM;C:\Windows\SYSTEM32\WINDOWSPOWERSHELL\V1.0\;C:\PROGRAM FILES (X86)\INTEL\OPENCL SDK\2.0\BIN\X86;C:\PROGRAM FILES (X86)\INTEL\OPENCL SDK\2.0\BIN\X64;;F:\PROGRAM FILES (X86)\SUBVERSION\BIN;D:\PROGRAM FILES (X86)\SUBVERSION\BIN;C:\PROGRAM FILES\TORTOISESVN\BIN;D:\PROGRAM FILES\TORTOISEGIT\BIN;C:\Program Files\WIDCOMM\Bluetooth Software\;C:\Program Files\WIDCOMM\Bluetooth Software\syswow64;D:\OpenSource_Java\Ant\apache-ant-1.8.2\bin;D:\OpenSource_Java\Maven\apache-maven-3.0.4\bin;.
2012-10-9 22:43:29 org.apache.coyote.http11.Http11Protocol init
信息: Initializing Coyote HTTP/1.1 on http-8080
2012-10-9 22:43:29 org.apache.catalina.startup.Catalina load
信息: Initialization processed in 346 ms
2012-10-9 22:43:29 org.apache.catalina.core.StandardService start
信息: Starting service Catalina
2012-10-9 22:43:29 org.apache.catalina.core.StandardEngine start
信息: Starting Servlet Engine: Apache Tomcat/6.0.32
2012-10-9 22:43:29 org.apache.catalina.startup.HostConfig deployDescriptor
信息: Deploying configuration descriptor activiti-explorer.xml
2012-10-9 22:43:33 org.apache.catalina.startup.HostConfig deployDescriptor
信息: Deploying configuration descriptor host-manager.xml
2012-10-9 22:43:33 org.apache.catalina.startup.HostConfig deployDescriptor
信息: Deploying configuration descriptor manager.xml
2012-10-9 22:43:33 org.apache.catalina.startup.HostConfig deployDirectory
信息: Deploying web application directory docs
2012-10-9 22:43:33 org.apache.catalina.startup.HostConfig deployDirectory
信息: Deploying web application directory examples
2012-10-9 22:43:33 org.apache.catalina.startup.HostConfig deployDirectory
信息: Deploying web application directory ROOT
2012-10-9 22:43:33 org.apache.coyote.http11.Http11Protocol start
信息: Starting Coyote HTTP/1.1 on http-8080
2012-10-9 22:43:33 org.apache.jk.common.ChannelSocket init
信息: JK: ajp13 listening on /0.0.0.0:8009
2012-10-9 22:43:33 org.apache.jk.server.JkMain start
信息: Jk running ID=0 time=0/12  config=null
2012-10-9 22:43:33 org.apache.catalina.startup.Catalina start
信息: Server startup in 4266 ms
2012-10-9 22:44:02 org.apache.coyote.http11.Http11Protocol pause
信息: Pausing Coyote HTTP/1.1 on http-8080
2012-10-9 22:44:03 org.apache.catalina.core.StandardService stop
信息: Stopping service Catalina
2012-10-9 22:44:03 org.apache.catalina.loader.WebappClassLoader clearReferencesJdbc
严重: The web application [/activiti-explorer] registered the JDBC driver [org.h2.Driver] but failed to unregister it when the web application was stopped. To prevent a memory leak, the JDBC Driver has been forcibly unregistered.
2012-10-9 22:44:04 org.apache.coyote.http11.Http11Protocol destroy
信息: Stopping Coyote HTTP/1.1 on http-8080
2012-10-9 22:44:06 org.apache.catalina.core.AprLifecycleListener init
信息: The APR based Apache Tomcat Native library which allows optimal performance in production environments was not found on the java.library.path: C:\Program Files (x86)\Java\jdk1.6.0_29\bin;C:\Windows\Sun\Java\bin;C:\Windows\system32;C:\Windows;C:\Program Files (x86)\Java\jdk1.6.0_29\bin;C:\PROGRAM FILES (X86)\NVIDIA CORPORATION\PHYSX\COMMON;C:\PROGRAM FILES\BROADCOM\BROADCOM 802.11 NETWORK ADAPTER\DRIVER;C:\Windows\SYSTEM32;C:\Windows;C:\Windows\SYSTEM32\WBEM;C:\Windows\SYSTEM32\WINDOWSPOWERSHELL\V1.0\;C:\PROGRAM FILES (X86)\INTEL\OPENCL SDK\2.0\BIN\X86;C:\PROGRAM FILES (X86)\INTEL\OPENCL SDK\2.0\BIN\X64;;F:\PROGRAM FILES (X86)\SUBVERSION\BIN;D:\PROGRAM FILES (X86)\SUBVERSION\BIN;C:\PROGRAM FILES\TORTOISESVN\BIN;D:\PROGRAM FILES\TORTOISEGIT\BIN;C:\Program Files\WIDCOMM\Bluetooth Software\;C:\Program Files\WIDCOMM\Bluetooth Software\syswow64;D:\OpenSource_Java\Ant\apache-ant-1.8.2\bin;D:\OpenSource_Java\Maven\apache-maven-3.0.4\bin;.
2012-10-9 22:44:06 org.apache.coyote.http11.Http11Protocol init
信息: Initializing Coyote HTTP/1.1 on http-8080
2012-10-9 22:44:06 org.apache.catalina.startup.Catalina load
信息: Initialization processed in 309 ms
2012-10-9 22:44:06 org.apache.catalina.core.StandardService start
信息: Starting service Catalina
2012-10-9 22:44:06 org.apache.catalina.core.StandardEngine start
信息: Starting Servlet Engine: Apache Tomcat/6.0.32
2012-10-9 22:44:06 org.apache.catalina.startup.HostConfig deployDescriptor
信息: Deploying configuration descriptor activiti-explorer.xml
2012-10-9 22:44:10 org.apache.catalina.startup.HostConfig deployDescriptor
信息: Deploying configuration descriptor host-manager.xml
2012-10-9 22:44:10 org.apache.catalina.startup.HostConfig deployDescriptor
信息: Deploying configuration descriptor manager.xml
2012-10-9 22:44:10 org.apache.catalina.startup.HostConfig deployDirectory
信息: Deploying web application directory docs
2012-10-9 22:44:10 org.apache.catalina.startup.HostConfig deployDirectory
信息: Deploying web application directory examples
2012-10-9 22:44:10 org.apache.catalina.startup.HostConfig deployDirectory
信息: Deploying web application directory ROOT
2012-10-9 22:44:10 org.apache.coyote.http11.Http11Protocol start
信息: Starting Coyote HTTP/1.1 on http-8080
2012-10-9 22:44:10 org.apache.jk.common.ChannelSocket init
信息: JK: ajp13 listening on /0.0.0.0:8009
2012-10-9 22:44:10 org.apache.jk.server.JkMain start
信息: Jk running ID=0 time=0/13  config=null
2012-10-9 22:44:10 org.apache.catalina.startup.Catalina start
信息: Server startup in 4034 ms
