2012-10-9 22:40:49 org.apache.catalina.core.ApplicationContext log
信息: ContextListener: contextInitialized()
2012-10-9 22:40:49 org.apache.catalina.core.ApplicationContext log
信息: SessionListener: contextInitialized()
2012-10-9 22:41:27 org.apache.catalina.core.ApplicationContext log
信息: ContextListener: contextInitialized()
2012-10-9 22:41:27 org.apache.catalina.core.ApplicationContext log
信息: SessionListener: contextInitialized()
2012-10-9 22:42:39 org.apache.catalina.core.ApplicationContext log
信息: SessionListener: contextDestroyed()
2012-10-9 22:42:39 org.apache.catalina.core.ApplicationContext log
信息: ContextListener: contextDestroyed()
2012-10-9 22:43:33 org.apache.catalina.core.ApplicationContext log
信息: ContextListener: contextInitialized()
2012-10-9 22:43:33 org.apache.catalina.core.ApplicationContext log
信息: SessionListener: contextInitialized()
2012-10-9 22:44:03 org.apache.catalina.core.ApplicationContext log
信息: SessionListener: contextDestroyed()
2012-10-9 22:44:03 org.apache.catalina.core.ApplicationContext log
信息: ContextListener: contextDestroyed()
2012-10-9 22:44:10 org.apache.catalina.core.ApplicationContext log
信息: ContextListener: contextInitialized()
2012-10-9 22:44:10 org.apache.catalina.core.ApplicationContext log
信息: SessionListener: contextInitialized()
