2012-11-19 2:59:45 org.apache.catalina.core.ApplicationContext log
信息: Initializing Spring root WebApplicationContext
2012-11-19 2:59:49 org.apache.catalina.core.StandardContext listenerStart
严重: Exception sending context initialized event to listener instance of class com.comdev.bea.common.SpringStartOver
20061:BeaDataConfig is not mapped [from BeaDataConfig where className = 'taskSchedule' and classType='class']
	at com.comdev.bea.wsclient.simpleWSClient.getClassConfig(simpleWSClient.java:311)
	at com.comdev.bea.init.RenewTask.renewTimeTask(RenewTask.java:43)
	at com.comdev.bea.common.SpringStartOver.startup(SpringStartOver.java:150)
	at com.comdev.bea.common.SpringStartOver.contextInitialized(SpringStartOver.java:60)
	at org.apache.catalina.core.StandardContext.listenerStart(StandardContext.java:4205)
	at org.apache.catalina.core.StandardContext.start(StandardContext.java:4704)
	at org.apache.catalina.core.ContainerBase.addChildInternal(ContainerBase.java:799)
	at org.apache.catalina.core.ContainerBase.addChild(ContainerBase.java:779)
	at org.apache.catalina.core.StandardHost.addChild(StandardHost.java:601)
	at org.apache.catalina.startup.HostConfig.deployDirectory(HostConfig.java:1079)
	at org.apache.catalina.startup.HostConfig.deployDirectories(HostConfig.java:1002)
	at org.apache.catalina.startup.HostConfig.deployApps(HostConfig.java:506)
	at org.apache.catalina.startup.HostConfig.start(HostConfig.java:1315)
	at org.apache.catalina.startup.HostConfig.lifecycleEvent(HostConfig.java:324)
	at org.apache.catalina.util.LifecycleSupport.fireLifecycleEvent(LifecycleSupport.java:142)
	at org.apache.catalina.core.ContainerBase.start(ContainerBase.java:1061)
	at org.apache.catalina.core.StandardHost.start(StandardHost.java:840)
	at org.apache.catalina.core.ContainerBase.start(ContainerBase.java:1053)
	at org.apache.catalina.core.StandardEngine.start(StandardEngine.java:463)
	at org.apache.catalina.core.StandardService.start(StandardService.java:525)
	at org.apache.catalina.core.StandardServer.start(StandardServer.java:754)
	at org.apache.catalina.startup.Catalina.start(Catalina.java:595)
	at sun.reflect.NativeMethodAccessorImpl.invoke0(Native Method)
	at sun.reflect.NativeMethodAccessorImpl.invoke(NativeMethodAccessorImpl.java:39)
	at sun.reflect.DelegatingMethodAccessorImpl.invoke(DelegatingMethodAccessorImpl.java:25)
	at java.lang.reflect.Method.invoke(Method.java:597)
	at org.apache.catalina.startup.Bootstrap.start(Bootstrap.java:289)
	at org.apache.catalina.startup.Bootstrap.main(Bootstrap.java:414)
2012-11-19 2:59:49 org.apache.catalina.core.ApplicationContext log
信息: Closing Spring root WebApplicationContext
2012-11-19 2:59:49 org.apache.catalina.core.ApplicationContext log
信息: ContextListener: contextInitialized()
2012-11-19 2:59:49 org.apache.catalina.core.ApplicationContext log
信息: SessionListener: contextInitialized()
2012-11-19 3:02:26 org.apache.catalina.core.ApplicationContext log
信息: Initializing Spring root WebApplicationContext
2012-11-19 3:02:32 org.apache.catalina.core.ApplicationContext log
信息: ContextListener: contextInitialized()
2012-11-19 3:02:32 org.apache.catalina.core.ApplicationContext log
信息: SessionListener: contextInitialized()
