[BlazeDS]12/05/2012 10:46:37.276 [INFO] [Configuration] BlazeDS - Community Edition: 4.0.0.14931[BlazeDS]12/05/2012 10:46:37.483 [INFO] [Configuration] Endpoint 'my-polling-amf' created with security: None
at URL: http://{server.name}:{server.port}/{context.root}/messagebroker/amfpolling[BlazeDS]12/05/2012 10:46:37.486 [INFO] [Configuration] Endpoint 'my-amf' created with security: None
at URL: http://{server.name}:{server.port}/{context.root}/messagebroker/amf[BlazeDS]12/05/2012 10:46:37.493 [INFO] [Configuration] Endpoint 'my-secure-amf' created with security: None
at URL: https://{server.name}:{server.port}/{context.root}/messagebroker/amfsecure[BlazeDS]12/05/2012 10:49:20.012 [INFO] [Configuration] BlazeDS - Community Edition: 4.0.0.14931[BlazeDS]12/05/2012 10:49:20.121 [INFO] [Configuration] Endpoint 'my-polling-amf' created with security: None
at URL: http://{server.name}:{server.port}/{context.root}/messagebroker/amfpolling[BlazeDS]12/05/2012 10:49:20.123 [INFO] [Configuration] Endpoint 'my-amf' created with security: None
at URL: http://{server.name}:{server.port}/{context.root}/messagebroker/amf[BlazeDS]12/05/2012 10:49:20.140 [INFO] [Configuration] Endpoint 'my-secure-amf' created with security: None
at URL: https://{server.name}:{server.port}/{context.root}/messagebroker/amfsecure[BlazeDS]12/05/2012 15:36:11.233 [INFO] [Configuration] BlazeDS - Community Edition: 4.0.0.14931[BlazeDS]12/05/2012 15:36:11.370 [INFO] [Configuration] Endpoint 'my-polling-amf' created with security: None
at URL: http://{server.name}:{server.port}/{context.root}/messagebroker/amfpolling[BlazeDS]12/05/2012 15:36:11.373 [INFO] [Configuration] Endpoint 'my-amf' created with security: None
at URL: http://{server.name}:{server.port}/{context.root}/messagebroker/amf[BlazeDS]12/05/2012 15:36:11.378 [INFO] [Configuration] Endpoint 'my-secure-amf' created with security: None
at URL: https://{server.name}:{server.port}/{context.root}/messagebroker/amfsecure[BlazeDS]12/05/2012 15:46:58.921 [INFO] [Configuration] BlazeDS - Community Edition: 4.0.0.14931[BlazeDS]12/05/2012 15:46:59.039 [INFO] [Configuration] Endpoint 'my-polling-amf' created with security: None
at URL: http://{server.name}:{server.port}/{context.root}/messagebroker/amfpolling[BlazeDS]12/05/2012 15:46:59.040 [INFO] [Configuration] Endpoint 'my-amf' created with security: None
at URL: http://{server.name}:{server.port}/{context.root}/messagebroker/amf[BlazeDS]12/05/2012 15:46:59.046 [INFO] [Configuration] Endpoint 'my-secure-amf' created with security: None
at URL: https://{server.name}:{server.port}/{context.root}/messagebroker/amfsecure[BlazeDS]12/05/2012 15:51:31.917 [INFO] [Configuration] BlazeDS - Community Edition: 4.0.0.14931[BlazeDS]12/05/2012 15:51:32.003 [INFO] [Configuration] Endpoint 'my-polling-amf' created with security: None
at URL: http://{server.name}:{server.port}/{context.root}/messagebroker/amfpolling[BlazeDS]12/05/2012 15:51:32.005 [INFO] [Configuration] Endpoint 'my-amf' created with security: None
at URL: http://{server.name}:{server.port}/{context.root}/messagebroker/amf[BlazeDS]12/05/2012 15:51:32.011 [INFO] [Configuration] Endpoint 'my-secure-amf' created with security: None
at URL: https://{server.name}:{server.port}/{context.root}/messagebroker/amfsecure[BlazeDS]12/05/2012 15:53:26.305 [INFO] [Configuration] BlazeDS - Community Edition: 4.0.0.14931[BlazeDS]12/05/2012 15:53:26.428 [INFO] [Configuration] Endpoint 'my-polling-amf' created with security: None
at URL: http://{server.name}:{server.port}/{context.root}/messagebroker/amfpolling[BlazeDS]12/05/2012 15:53:26.431 [INFO] [Configuration] Endpoint 'my-amf' created with security: None
at URL: http://{server.name}:{server.port}/{context.root}/messagebroker/amf[BlazeDS]12/05/2012 15:53:26.443 [INFO] [Configuration] Endpoint 'my-secure-amf' created with security: None
at URL: https://{server.name}:{server.port}/{context.root}/messagebroker/amfsecure[BlazeDS]12/05/2012 16:21:59.396 [INFO] [Configuration] BlazeDS - Community Edition: 4.0.0.14931[BlazeDS]12/05/2012 16:21:59.489 [INFO] [Configuration] Endpoint 'my-polling-amf' created with security: None
at URL: http://{server.name}:{server.port}/{context.root}/messagebroker/amfpolling[BlazeDS]12/05/2012 16:21:59.491 [INFO] [Configuration] Endpoint 'my-amf' created with security: None
at URL: http://{server.name}:{server.port}/{context.root}/messagebroker/amf[BlazeDS]12/05/2012 16:21:59.497 [INFO] [Configuration] Endpoint 'my-secure-amf' created with security: None
at URL: https://{server.name}:{server.port}/{context.root}/messagebroker/amfsecure[BlazeDS]12/05/2012 16:36:02.404 [INFO] [Configuration] BlazeDS - Community Edition: 4.0.0.14931[BlazeDS]12/05/2012 16:36:02.489 [INFO] [Configuration] Endpoint 'my-polling-amf' created with security: None
at URL: http://{server.name}:{server.port}/{context.root}/messagebroker/amfpolling[BlazeDS]12/05/2012 16:36:02.491 [INFO] [Configuration] Endpoint 'my-amf' created with security: None
at URL: http://{server.name}:{server.port}/{context.root}/messagebroker/amf[BlazeDS]12/05/2012 16:36:02.497 [INFO] [Configuration] Endpoint 'my-secure-amf' created with security: None
at URL: https://{server.name}:{server.port}/{context.root}/messagebroker/amfsecure[BlazeDS]12/05/2012 16:44:36.787 [INFO] [Configuration] BlazeDS - Community Edition: 4.0.0.14931[BlazeDS]12/05/2012 16:44:36.877 [INFO] [Configuration] Endpoint 'my-polling-amf' created with security: None
at URL: http://{server.name}:{server.port}/{context.root}/messagebroker/amfpolling[BlazeDS]12/05/2012 16:44:36.878 [INFO] [Configuration] Endpoint 'my-amf' created with security: None
at URL: http://{server.name}:{server.port}/{context.root}/messagebroker/amf[BlazeDS]12/05/2012 16:44:36.884 [INFO] [Configuration] Endpoint 'my-secure-amf' created with security: None
at URL: https://{server.name}:{server.port}/{context.root}/messagebroker/amfsecure[BlazeDS]12/05/2012 17:01:20.359 [INFO] [Configuration] BlazeDS - Community Edition: 4.0.0.14931[BlazeDS]12/05/2012 17:01:20.451 [INFO] [Configuration] Endpoint 'my-polling-amf' created with security: None
at URL: http://{server.name}:{server.port}/{context.root}/messagebroker/amfpolling[BlazeDS]12/05/2012 17:01:20.455 [INFO] [Configuration] Endpoint 'my-amf' created with security: None
at URL: http://{server.name}:{server.port}/{context.root}/messagebroker/amf[BlazeDS]12/05/2012 17:01:20.460 [INFO] [Configuration] Endpoint 'my-secure-amf' created with security: None
at URL: https://{server.name}:{server.port}/{context.root}/messagebroker/amfsecure[BlazeDS]12/05/2012 17:07:51.721 [INFO] [Configuration] BlazeDS - Community Edition: 4.0.0.14931[BlazeDS]12/05/2012 17:07:51.808 [INFO] [Configuration] Endpoint 'my-polling-amf' created with security: None
at URL: http://{server.name}:{server.port}/{context.root}/messagebroker/amfpolling[BlazeDS]12/05/2012 17:07:51.810 [INFO] [Configuration] Endpoint 'my-amf' created with security: None
at URL: http://{server.name}:{server.port}/{context.root}/messagebroker/amf[BlazeDS]12/05/2012 17:07:51.816 [INFO] [Configuration] Endpoint 'my-secure-amf' created with security: None
at URL: https://{server.name}:{server.port}/{context.root}/messagebroker/amfsecure[BlazeDS]12/05/2012 17:13:39.829 [INFO] [Configuration] BlazeDS - Community Edition: 4.0.0.14931[BlazeDS]12/05/2012 17:13:39.938 [INFO] [Configuration] Endpoint 'my-polling-amf' created with security: None
at URL: http://{server.name}:{server.port}/{context.root}/messagebroker/amfpolling[BlazeDS]12/05/2012 17:13:39.940 [INFO] [Configuration] Endpoint 'my-amf' created with security: None
at URL: http://{server.name}:{server.port}/{context.root}/messagebroker/amf[BlazeDS]12/05/2012 17:13:39.947 [INFO] [Configuration] Endpoint 'my-secure-amf' created with security: None
at URL: https://{server.name}:{server.port}/{context.root}/messagebroker/amfsecure[BlazeDS]12/05/2012 21:34:19.525 [INFO] [Configuration] BlazeDS - Community Edition: 4.0.0.14931[BlazeDS]12/05/2012 21:34:19.694 [INFO] [Configuration] Endpoint 'my-polling-amf' created with security: None
at URL: http://{server.name}:{server.port}/{context.root}/messagebroker/amfpolling[BlazeDS]12/05/2012 21:34:19.696 [INFO] [Configuration] Endpoint 'my-amf' created with security: None
at URL: http://{server.name}:{server.port}/{context.root}/messagebroker/amf[BlazeDS]12/05/2012 21:34:19.703 [INFO] [Configuration] Endpoint 'my-secure-amf' created with security: None
at URL: https://{server.name}:{server.port}/{context.root}/messagebroker/amfsecure